<?xml version="1.0" encoding="UTF-8"?>
<testsuite name="Test1" tests="3" skipped="0" failures="0" errors="0" timestamp="2022-10-08T18:34:43" hostname="SR90XGXYQ" time="0.095">
  <properties/>
  <testcase name="testZipFileRead()" classname="Test1" time="0.062"/>
  <testcase name="testZip2()" classname="Test1" time="0.016"/>
  <testcase name="myFirstTest()" classname="Test1" time="0.011"/>
  <system-out><![CDATA[> testZip2
HelloWorld!
]]></system-out>
  <system-err><![CDATA[]]></system-err>
</testsuite>
